0 info it worked if it ends with ok
1 verbose cli [ '/usr/local/Cellar/node/0.8.15/bin/node',
1 verbose cli   '/usr/local/bin/npm',
1 verbose cli   'publish' ]
2 info using npm@1.1.66
3 info using node@v0.8.15
4 verbose publish [ '.' ]
5 verbose read json /Users/gushov/Documents/workspace/lilmodel/package.json
6 verbose cache add [ '.', null ]
7 silly cache add name=undefined spec="." args=[".",null]
8 verbose parsed url { pathname: '.', path: '.', href: '.' }
9 silly lockFile 3a52ce78- .
10 verbose lock . /Users/gushov/.npm/3a52ce78-.lock
11 verbose read json package.json
12 verbose tar pack [ '/var/folders/Dv/DvTaPLPbFl8330rNBmY7VE+++TI/-Tmp-/npm-1920/1358547691906-0.4071566092316061/tmp.tgz',
12 verbose tar pack   '.' ]
13 verbose tarball /var/folders/Dv/DvTaPLPbFl8330rNBmY7VE+++TI/-Tmp-/npm-1920/1358547691906-0.4071566092316061/tmp.tgz
14 verbose folder .
15 info prepublish lilmodel@0.0.7
16 silly lockFile 2ac4eb07-91906-0-4071566092316061-tmp-tgz /var/folders/Dv/DvTaPLPbFl8330rNBmY7VE+++TI/-Tmp-/npm-1920/1358547691906-0.4071566092316061/tmp.tgz
17 verbose lock /var/folders/Dv/DvTaPLPbFl8330rNBmY7VE+++TI/-Tmp-/npm-1920/1358547691906-0.4071566092316061/tmp.tgz /Users/gushov/.npm/2ac4eb07-91906-0-4071566092316061-tmp-tgz.lock
18 silly lockFile 2ac4eb07-91906-0-4071566092316061-tmp-tgz /var/folders/Dv/DvTaPLPbFl8330rNBmY7VE+++TI/-Tmp-/npm-1920/1358547691906-0.4071566092316061/tmp.tgz
19 verbose tar unpack /var/folders/Dv/DvTaPLPbFl8330rNBmY7VE+++TI/-Tmp-/npm-1920/1358547691906-0.4071566092316061/tmp.tgz
20 silly lockFile bde182ae-91906-0-4071566092316061-package /var/folders/Dv/DvTaPLPbFl8330rNBmY7VE+++TI/-Tmp-/npm-1920/1358547691906-0.4071566092316061/package
21 verbose lock /var/folders/Dv/DvTaPLPbFl8330rNBmY7VE+++TI/-Tmp-/npm-1920/1358547691906-0.4071566092316061/package /Users/gushov/.npm/bde182ae-91906-0-4071566092316061-package.lock
22 silly gunzTarPerm modes [ '755', '644' ]
23 silly gunzTarPerm extractEntry package.json
24 silly gunzTarPerm extractEntry .npmignore
25 silly gunzTarPerm extractEntry README.md
26 silly gunzTarPerm extractEntry LICENSE
27 silly gunzTarPerm extractEntry grunt.js
28 silly gunzTarPerm extractEntry lib/lilmodel.js
29 silly gunzTarPerm extractEntry lib/lilmodel/collection.js
30 silly gunzTarPerm extractEntry lib/lilmodel/model.js
31 silly gunzTarPerm extractEntry lib/lilmodel/syncr.js
32 silly gunzTarPerm extractEntry dist/lilmodel.js
33 silly gunzTarPerm extractEntry dist/lilmodel.min.js
34 silly gunzTarPerm extractEntry build/lil_.js
35 silly gunzTarPerm extractEntry build/lilmodel.js
36 silly gunzTarPerm extractEntry build/lilobj.js
37 silly gunzTarPerm extractEntry build/vladiator.js
38 silly gunzTarPerm extractEntry test/buster.js
39 silly gunzTarPerm extractEntry test/lilmodel-test.js
40 verbose read json /var/folders/Dv/DvTaPLPbFl8330rNBmY7VE+++TI/-Tmp-/npm-1920/1358547691906-0.4071566092316061/package/package.json
41 silly lockFile bde182ae-91906-0-4071566092316061-package /var/folders/Dv/DvTaPLPbFl8330rNBmY7VE+++TI/-Tmp-/npm-1920/1358547691906-0.4071566092316061/package
42 verbose from cache /var/folders/Dv/DvTaPLPbFl8330rNBmY7VE+++TI/-Tmp-/npm-1920/1358547691906-0.4071566092316061/package/package.json
43 verbose tar pack [ '/Users/gushov/.npm/lilmodel/0.0.7/package.tgz',
43 verbose tar pack   '/var/folders/Dv/DvTaPLPbFl8330rNBmY7VE+++TI/-Tmp-/npm-1920/1358547691906-0.4071566092316061/package' ]
44 verbose tarball /Users/gushov/.npm/lilmodel/0.0.7/package.tgz
45 verbose folder /var/folders/Dv/DvTaPLPbFl8330rNBmY7VE+++TI/-Tmp-/npm-1920/1358547691906-0.4071566092316061/package
46 silly lockFile 63e4a13d-v-npm-lilmodel-0-0-7-package-tgz /Users/gushov/.npm/lilmodel/0.0.7/package.tgz
47 verbose lock /Users/gushov/.npm/lilmodel/0.0.7/package.tgz /Users/gushov/.npm/63e4a13d-v-npm-lilmodel-0-0-7-package-tgz.lock
48 silly lockFile 63e4a13d-v-npm-lilmodel-0-0-7-package-tgz /Users/gushov/.npm/lilmodel/0.0.7/package.tgz
49 silly lockFile c96c372a-ushov-npm-lilmodel-0-0-7-package /Users/gushov/.npm/lilmodel/0.0.7/package
50 verbose lock /Users/gushov/.npm/lilmodel/0.0.7/package /Users/gushov/.npm/c96c372a-ushov-npm-lilmodel-0-0-7-package.lock
51 silly lockFile c96c372a-ushov-npm-lilmodel-0-0-7-package /Users/gushov/.npm/lilmodel/0.0.7/package
52 verbose tar unpack /Users/gushov/.npm/lilmodel/0.0.7/package.tgz
53 silly lockFile c96c372a-ushov-npm-lilmodel-0-0-7-package /Users/gushov/.npm/lilmodel/0.0.7/package
54 verbose lock /Users/gushov/.npm/lilmodel/0.0.7/package /Users/gushov/.npm/c96c372a-ushov-npm-lilmodel-0-0-7-package.lock
55 silly gunzTarPerm modes [ '755', '644' ]
56 silly gunzTarPerm extractEntry package.json
57 silly gunzTarPerm extractEntry .npmignore
58 silly gunzTarPerm extractEntry README.md
59 silly gunzTarPerm extractEntry LICENSE
60 silly gunzTarPerm extractEntry grunt.js
61 silly gunzTarPerm extractEntry build/lil_.js
62 silly gunzTarPerm extractEntry build/lilmodel.js
63 silly gunzTarPerm extractEntry build/lilobj.js
64 silly gunzTarPerm extractEntry build/vladiator.js
65 silly gunzTarPerm extractEntry dist/lilmodel.js
66 silly gunzTarPerm extractEntry dist/lilmodel.min.js
67 silly gunzTarPerm extractEntry lib/lilmodel.js
68 silly gunzTarPerm extractEntry lib/lilmodel/collection.js
69 silly gunzTarPerm extractEntry lib/lilmodel/model.js
70 silly gunzTarPerm extractEntry lib/lilmodel/syncr.js
71 silly gunzTarPerm extractEntry test/buster.js
72 silly gunzTarPerm extractEntry test/lilmodel-test.js
73 verbose read json /Users/gushov/.npm/lilmodel/0.0.7/package/package.json
74 silly lockFile c96c372a-ushov-npm-lilmodel-0-0-7-package /Users/gushov/.npm/lilmodel/0.0.7/package
75 silly shasum updated bytes 8321
76 info shasum ae879009054c0d65234072d62c922dda2538be09
76 info shasum /Users/gushov/.npm/lilmodel/0.0.7/package.tgz
77 verbose from cache /Users/gushov/.npm/lilmodel/0.0.7/package/package.json
78 verbose chmod /Users/gushov/.npm/lilmodel/0.0.7/package.tgz 644
79 verbose chown /Users/gushov/.npm/lilmodel/0.0.7/package.tgz [ 501, 20 ]
80 silly lockFile 3a52ce78- .
81 silly publish { author: { name: 'August Hovland', email: 'gushov@gmail.com' },
81 silly publish   name: 'lilmodel',
81 silly publish   description: 'A li\'l model wrapper',
81 silly publish   version: '0.0.7',
81 silly publish   repository: { type: 'git', url: 'git://github.com/gushov/lilmodel.git' },
81 silly publish   engines: { node: '>= 0.8.x' },
81 silly publish   dependencies:
81 silly publish    { lil_: '>= 0.0.x',
81 silly publish      lilobj: '>= 0.0.x',
81 silly publish      vladiator: '>= 0.0.x',
81 silly publish      lilprovider: '>= 0.0.x' },
81 silly publish   devDependencies:
81 silly publish    { grunt: '>= 0.3.x',
81 silly publish      buster: '>= 0.6.x',
81 silly publish      'grunt-buster': '>= 0.1.x',
81 silly publish      'grunt-mdlldr': '>= 0.1.x' },
81 silly publish   optionalDependencies: { lilprovider: '>= 0.0.x' },
81 silly publish   licenses: [ { type: 'MIT' } ],
81 silly publish   main: 'lib/lilmodel.js',
81 silly publish   scripts: { test: 'grunt buster' },
81 silly publish   readme: '# lilmodel\n\nA li\'l backbone-ish model object.\n\n## Browser usage\n\nload dist/lilobj.js or dist/lilobj.min.js in you browser and call it like this:\n\n```javascript\n(function () {\n\n  var model = require(\'lilmodel\').model;\n\n  var beer = model.extend({\n\n    defaults: {\n      sizeInLiters: 0.5,\n    },\n\n    rules: {\n      type: [\'required\', \'string\']\n      sizeInLiters: [\'required\', \'number\', [\'gte\', 0.2]]\n    }\n\n  });\n\n  var dunkel = beer.create({\n    type: \'lager\',\n  });\n\n  dunkel.save(function (err) {\n    //callback from sync \n  });\n\n}());\n```\n\n## Node usage\n\ninstall the module with: `npm install lilmodel`\n\n```javascript\nvar beer = model.extend({\n\n  defaults: {\n    sizeInLiters: 0.5,\n  },\n\n  rules: {\n    type: [\'required\', \'string\']\n    sizeInLiters: [\'required\', \'number\', [\'gte\', 0.2]]\n  }\n\n});\n\nvar dunkel = beer.create({\n  type: \'lager\',\n});\n\ndunkel.save(function (err) {\n  //callback from sync \n});\n```\n\n## Documentation\n\n### syncr(syncMethod)\n\n### model.extend(config)\n\n### model.create(properties)\n\n### _model_.validate()\n\n### _model_.save(callback, context)\n\n### _model_.fetch(callback, context)\n\n### _model_.destroy(callback, context)\n\n### collection.extend(config)\n\n### collection.create(propertiesList)\n\n### _collection_.validate()\n\n### _collection_.add(properties)\n\n### _collection_.remove(query)\n\n### _collection_.get(query)\n\n### _collection_.find(query, callback, context)\n\n## License\nCopyright (c) 2012 August Hovland\nLicensed under the MIT license.\n',
81 silly publish   readmeFilename: 'README.md',
81 silly publish   _id: 'lilmodel@0.0.7',
81 silly publish   dist: { shasum: 'ae879009054c0d65234072d62c922dda2538be09' } }
82 verbose url raw lilmodel
83 verbose url resolving [ 'http://registry.npmjs.org/', './lilmodel' ]
84 verbose url resolved http://registry.npmjs.org/lilmodel
85 info trying registry request attempt 1 at 23:21:32
86 http PUT http://registry.npmjs.org/lilmodel
87 http 409 http://registry.npmjs.org/lilmodel
88 verbose url raw lilmodel
89 verbose url resolving [ 'http://registry.npmjs.org/', './lilmodel' ]
90 verbose url resolved http://registry.npmjs.org/lilmodel
91 info trying registry request attempt 1 at 23:21:33
92 http GET http://registry.npmjs.org/lilmodel
93 http 200 http://registry.npmjs.org/lilmodel
94 error publish fail Cannot publish over existing version.
94 error publish fail Bump the 'version' field, set the --force flag, or
94 error publish fail     npm unpublish 'lilmodel@0.0.7'
94 error publish fail and try again
95 error System Darwin 10.8.0
96 error command "/usr/local/Cellar/node/0.8.15/bin/node" "/usr/local/bin/npm" "publish"
97 error cwd /Users/gushov/Documents/workspace/lilmodel
98 error node -v v0.8.15
99 error npm -v 1.1.66
100 error code EPUBLISHCONFLICT
101 verbose exit [ 1, true ]
